==26374== Memcheck, a memory error detector
==26374== Copyright (C) 2002-2017, and GNU GPL'd, by Julian Seward et al.
==26374== Using Valgrind-3.13.0 and LibVEX; rerun with -h for copyright info
==26374== Command: /rhome/l/lbuturovic1/workspace/ASP/.runme
==26374== Parent PID: 26357
==26374== 
==26374== 
==26374== HEAP SUMMARY:
==26374==     in use at exit: 144 bytes in 4 blocks
==26374==   total heap usage: 119 allocs, 115 frees, 74,928 bytes allocated
==26374== 
==26374== 144 (24 direct, 120 indirect) bytes in 1 blocks are definitely lost in loss record 2 of 2
==26374==    at 0x4C3089F: operator new[](unsigned long) (in /usr/lib/valgrind/vgpreload_memcheck-amd64-linux.so)
==26374==    by 0x109593: main (zad.cpp:362)
==26374== 
==26374== LEAK SUMMARY:
==26374==    definitely lost: 24 bytes in 1 blocks
==26374==    indirectly lost: 120 bytes in 3 blocks
==26374==      possibly lost: 0 bytes in 0 blocks
==26374==    still reachable: 0 bytes in 0 blocks
==26374==         suppressed: 0 bytes in 0 blocks
==26374== 
==26374== For counts of detected and suppressed errors, rerun with: -v
==26374== ERROR SUMMARY: 1 errors from 1 contexts (suppressed: 0 from 0)
