==9266== Memcheck, a memory error detector
==9266== Copyright (C) 2002-2017, and GNU GPL'd, by Julian Seward et al.
==9266== Using Valgrind-3.13.0 and LibVEX; rerun with -h for copyright info
==9266== Command: /rhome/l/lbuturovic1/workspace/ASP/Z1/Z1/.runme
==9266== Parent PID: 9241
==9266== 
==9266== 
==9266== Process terminating with default action of signal 15 (SIGTERM)
==9266==    at 0x56EF152: write (write.c:27)
==9266==    by 0x566A1BC: _IO_file_write@@GLIBC_2.2.5 (fileops.c:1203)
==9266==    by 0x566AB2E: new_do_write (fileops.c:457)
==9266==    by 0x566AB2E: _IO_file_xsputn@@GLIBC_2.2.5 (fileops.c:1277)
==9266==    by 0x565E976: fwrite (iofwrite.c:39)
==9266==    by 0x5145CA1: std::ostreambuf_iterator<char, std::char_traits<char> > std::num_put<char, std::ostreambuf_iterator<char, std::char_traits<char> > >::_M_insert_int<long>(std::ostreambuf_iterator<char, std::char_traits<char> >, std::ios_base&, char, long) const (in /usr/lib/x86_64-linux-gnu/libstdc++.so.6.0.25)
==9266==    by 0x51521A4: std::ostream& std::ostream::_M_insert<long>(long) (in /usr/lib/x86_64-linux-gnu/libstdc++.so.6.0.25)
==9266==    by 0x10AC29: DvostrukaLista<int>::polovineListi(DvostrukaLista<int>&) (main.cpp:313)
==9266==    by 0x109E8B: main (main.cpp:541)
==9266== 
==9266== HEAP SUMMARY:
==9266==     in use at exit: 504 bytes in 21 blocks
==9266==   total heap usage: 22 allocs, 1 frees, 73,208 bytes allocated
==9266== 
==9266== LEAK SUMMARY:
==9266==    definitely lost: 0 bytes in 0 blocks
==9266==    indirectly lost: 0 bytes in 0 blocks
==9266==      possibly lost: 0 bytes in 0 blocks
==9266==    still reachable: 504 bytes in 21 blocks
==9266==         suppressed: 0 bytes in 0 blocks
==9266== Reachable blocks (those to which a pointer was found) are not shown.
==9266== To see them, rerun with: --leak-check=full --show-leak-kinds=all
==9266== 
==9266== For counts of detected and suppressed errors, rerun with: -v
==9266== ERROR SUMMARY: 0 errors from 0 contexts (suppressed: 0 from 0)
