[New LWP 15497]
Core was generated by `'.
Program terminated with signal SIGSEGV, Segmentation fault.
#0  0x00000000050e1ebf in ?? ()
#0  0x00000000050e1ebf in ?? ()
#1  0x0000000000109777 in ?? ()
#2  0x0000001fff000730 in ?? ()
#3  0x0000000005d7fc90 in ?? ()
#4  0x0000001fff000768 in ?? ()
#5  0x0000001fff000768 in ?? ()
#6  0x0000001fff000768 in ?? ()
#7  0x0000000005d7fe60 in ?? ()
#8  0x0000001fff000750 in ?? ()
#9  0x00000000001092c6 in ?? ()
#10 0x0000000005d7fc90 in ?? ()
#11 0x0000001fff000768 in ?? ()
#12 0x0000001fff0008c0 in ?? ()
#13 0x0000000000108d4d in ?? ()
#14 0x000000000010a524 in ?? ()
#15 0x0000001fff0008e0 in ?? ()
#16 0x0000000000000000 in ?? ()
